<?xml version="1.0" encoding="utf-8"?>
<scenario xmlns="urn:perfcake:scenario:8.0">
   <run type="iteration" value="${perfcake.run.duration:1000}"/>
   <generator class="DefaultMessageGenerator" threads="${perfcake.thread.count:10}"/>
   <sequences>
      <sequence class="PrimitiveNumberSequence" id="id"/>
      <sequence class="ThreadIdSequence" id="threadId"/>
   </sequences>
   <sender class="DummySender">
      <target>dummy</target>
   </sender>
   <reporting>
      <reporter class="IterationsPerSecondReporter">
         <destination class="ConsoleDestination">
            <period type="iteration" value="100"/>
         </destination>
      </reporter>
      <reporter class="ClassifyingReporter">
         <property name="attribute" value="threadId"/>
         <property name="prefix" value="thread_"/>
         <destination class="DummyDestination">
            <period type="iteration" value="100"/>
         </destination>
         <destination class="ConsoleDestination">
            <period type="iteration" value="100"/>
            <property name="foreground" value="3"/>
         </destination>
      </reporter>
   </reporting>
   <messages>
      <message content="Hello message @{id}">
         <validatorRef id="valid"/>
      </message>
   </messages>
   <validation>
      <validator class="ScriptValidator" id="valid">
         <property name="engine" value="groovy"/>
         <property name="script" value="return originalMessage.payload.toString().equals(message.payload.toString())"/>
      </validator>
   </validation>
</scenario>
