<?xml version="1.0" encoding="utf-8"?>
<scenario xmlns="urn:perfcake:scenario:8.0">
   <run type="iteration" value="100000"/>
   <generator class="DefaultMessageGenerator" threads="${threads:25}"/>
   <sender class="TestSender">
      <property name="delay" value="2"/>
   </sender>
   <reporting>
      <reporter class="WarmUpReporter" enabled="true">
         <property name="minimalWarmUpCount" value="100"/>
         <property name="minimalWarmUpDuration" value="100"/>
         <property name="relativeThreshold" value="0.005"/>
      </reporter>
      <reporter class="ResponseTimeStatsReporter">
         <destination class="ConsoleDestination">
            <period type="time" value="1000"/>
         </destination>
         <destination class="ChartDestination">
            <period type="time" value="500"/>
            <property name="yAxis" value="Response time [ms]"/>
            <property name="group" value="${perfcake.scenario}_norm_resp"/>
            <property name="name" value="Response Time (${threads:25} threads)"/>
            <property name="attributes" value="*"/>
            <property name="autoCombine" value="false"/>
            <property name="chartHeight" value="1000"/>
            <property name="outputDir" value="target/${perfcake.scenario}-charts"/>
         </destination>
      </reporter>
      <reporter class="ResponseTimeHistogramReporter">
         <property name="detail" value="1"/>
         <property name="precision" value="1"/>
         <property name="maxExpectedValue" value="100"/>
         <property name="correctionMode" value="user"/>
         <property name="expectedValue" value="2"/>
         <destination class="ConsoleDestination">
            <period type="time" value="1000"/>
         </destination>
         <destination class="ChartDestination">
            <period type="time" value="500"/>
            <property name="yAxis" value="HDR Response time [ms]"/>
            <property name="group" value="${perfcake.scenario}_hdr_resp"/>
            <property name="name" value="HDR Response Time (${threads:25} threads)"/>
            <property name="attributes" value="${attributes}"/>
            <property name="autoCombine" value="false"/>
            <property name="chartHeight" value="1000"/>
            <property name="outputDir" value="target/${perfcake.scenario}-charts"/>
         </destination>
      </reporter>
   </reporting>
</scenario>