<?xml version="1.0" encoding="utf-8"?>
<scenario xmlns="urn:perfcake:scenario:8.0">
   <run type="iteration" value="10000"/>
   <generator class="DefaultMessageGenerator" threads="1"/>
   <sender class="TestSender">
      <property name="delay" value="1"/>
   </sender>
   <reporting>
      <reporter class="ResponseTimeStatsReporter">
         <destination class="ConsoleDestination">
            <period type="iteration" value="1000"/>
         </destination>
         <destination class="CsvDestination">
            <period type="iteration" value="1000"/>
            <property name="path" value="${output.file}-replay.csv"/>
         </destination>
      </reporter>
   </reporting>
</scenario>