<?xml version="1.0" encoding="utf-8"?>
<scenario xmlns="urn:perfcake:scenario:8.0">
   <properties>
      <property name="composedProperty" value="${props.defaultProperty}2"/>
      <property name="nonExistingProperty" value="${i.do.not.exist}"/>
      <property name="filteredProperty" value="${test.filtered.property:default1}"/>
      <property name="defaultProperty" value="${test.missing.property:default-property-value}"/>
   </properties>
   <run type="iteration" value="100"/>
   <generator class="DefaultMessageGenerator" threads="10"/>
   <sequences>
      <sequence class="ThreadIdSequence" id="ThreadId"/>
      <sequence class="PrimitiveNumberSequence" id="MessageNumber"/>
   </sequences>
   <sender class="TestSender">
      <target>http://${server.host}:${server.port}/HTTPGateway/http/PerformanceTest/HTTPGateway</target>
   </sender>
   <reporting>
      <reporter class="ResponseTimeStatsReporter">
         <destination class="ConsoleDestination">
            <period type="iteration" value="1"/>
         </destination>
      </reporter>
   </reporting>
   <messages>
      <message uri="unfiltered-message.txt">
         <header name="testHeader" value="@{ThreadId}"/>
         <property name="testProperty" value="@{MessageNumber}"/>
      </message>
      <message content="@{number}@{missing1}"/>
      <message content="@{missing2}"/>
      <message content="${missing3}"/>
      <message content="@{missing4a}${missing4b}"/>
      <message content="${missing5a}@{missing5b}"/>
      <message content="${props.composedProperty}"/>
   </messages>
</scenario>
